AAAA.
AABBB
AABDB
CCBDB
C.BBB
#
AAAA
AAAC
AAG.
A.G.
.GGG
....
#
ABCDE.
......
......
......
......
......
#
S.....
......
......
......
......
......
#
EEEE
EACE
ECCE
EEEE
#
RWWWWU
VVVWWU
VVUUUU
#
FF
GG
II
II
JJ
KK
#
X
#
A
B
C
V
Y
#
AAB
CCB
DD.
#
JKKPPP
QW....
......
......
......
......
#
AAABBB
ACAB.B
ACEBE.
.CEEEE
DCCCC.
DDDD..
#
BBACC
BAAAC
BBA.C
EEAE.
.EEED
.DDDD
#
MMM.R.
SSRRRR
SSSSR.
SNNNN.
#
HHHHK
HHJHK
LJJJK
LLJOO
LOOOO
#
CEQS
W...
....
....
....
....
#
AAAABB
AACCBB
AECCDB
AEE.D.
.DDDD.
#
DDDDX
DDYDX
RYYYX
RRY.T
RTTTT
#
.A...
AAAB.
.ABBB
.D.B.
DDD..
.D...
#
VVVVWW
VVVVWW
XXXXWW
XXXXWW
YYYY..
YYYY..
#
AAAA
AAAB
AA.B
ABBB
CC.B
....
#
EEEEM
EEEMM
EEMMM
EMMMM
#
SSSSU
SSSWY
SSXYY
S.YYY
.YYYY
#
PPPP..
PP.P..
P.PP..
PPPP..
......
......
#
IIII
IIII
IIII
IIII
#
PPPP
PAPP
PPMP
PPPP
#
CC.YYY
CCCCY.
XCYYYD
XAAADD
XXXADD
XX.ADD
#
AAAABB
AAAABB
ACCCCB
AAAABB
#
CCBBB.
CDDBBB
CXDB..
XXXBBB
X.XX..
.XX...
#
PPCC
NPPS
NNPP
